<?xml version="1.0" encoding="UTF-8"?>
<!-- Generated by org.testng.reporters.JUnitReportReporter -->
<testsuite skipped="0" hostname="DESKTOP-Q7DGRQM" name="Selenium27.testNG_Selenium" tests="2" failures="0" timestamp="26 七月 2017 12:16:00 GMT" time="31.775" errors="0">
  <testcase name="verifyPageTitle1" time="8.147" classname="Selenium27.testNG_Selenium"/>
  <testcase name="verifyPageTitle2" time="23.628" classname="Selenium27.testNG_Selenium"/>
</testsuite> <!-- Selenium27.testNG_Selenium -->
