<?xml version="1.0" encoding="UTF-8"?>
<!-- Generated by org.testng.reporters.JUnitReportReporter -->
<testsuite skipped="0" hostname="DESKTOP-Q7DGRQM" name="Selenium29.dataDriven2" tests="4" failures="0" timestamp="28 七月 2017 11:41:21 GMT" time="0.027" errors="0">
  <testcase name="add" time="0.003" classname="Selenium29.dataDriven2"/>
  <testcase name="add" time="0.001" classname="Selenium29.dataDriven2"/>
  <testcase name="add" time="0.010" classname="Selenium29.dataDriven2"/>
  <testcase name="add" time="0.013" classname="Selenium29.dataDriven2"/>
</testsuite> <!-- Selenium29.dataDriven2 -->
