<?xml version="1.0" encoding="UTF-8"?>
<!-- Generated by org.testng.reporters.JUnitReportReporter -->
<testsuite skipped="0" hostname="DESKTOP-Q7DGRQM" name="Selenium28.NewTest6" tests="3" failures="0" timestamp="27 七月 2017 03:45:03 GMT" time="0.013" errors="0">
  <testcase name="testCase4" time="0.011" classname="Selenium28.NewTest6"/>
  <testcase name="testCase5" time="0.001" classname="Selenium28.NewTest6"/>
  <testcase name="testCase6" time="0.001" classname="Selenium28.NewTest6"/>
</testsuite> <!-- Selenium28.NewTest6 -->
