<?xml version="1.0" encoding="UTF-8"?>
<!-- Generated by org.testng.reporters.JUnitReportReporter -->
<testsuite skipped="0" hostname="DESKTOP-Q7DGRQM" name="Selenium28.NewTest3" tests="3" failures="0" timestamp="27 七月 2017 03:28:47 GMT" time="0.010" errors="0">
  <testcase name="advancedSearch" time="0.006" classname="Selenium28.NewTest3"/>
  <testcase name="billPayments" time="0.002" classname="Selenium28.NewTest3"/>
  <testcase name="prePaidRecharge" time="0.002" classname="Selenium28.NewTest3"/>
</testsuite> <!-- Selenium28.NewTest3 -->
