<?xml version="1.0" encoding="UTF-8"?>
<!-- Generated by org.testng.reporters.JUnitReportReporter -->
<testsuite skipped="0" hostname="DESKTOP-Q7DGRQM" name="Selenium28.NewTest2" tests="3" failures="0" timestamp="27 七月 2017 03:00:05 GMT" time="0.005" errors="0">
  <testcase name="deleteCurrency" time="0.003" classname="Selenium28.NewTest2"/>
  <testcase name="deleteProduct" time="0.001" classname="Selenium28.NewTest2"/>
  <testcase name="deleteVendor" time="0.001" classname="Selenium28.NewTest2"/>
</testsuite> <!-- Selenium28.NewTest2 -->
