<?xml version="1.0" encoding="UTF-8"?>
<!-- Generated by org.testng.reporters.JUnitReportReporter -->
<testsuite skipped="0" hostname="DESKTOP-Q7DGRQM" name="Selenium28.NewTest5" tests="3" failures="0" timestamp="27 七月 2017 03:45:03 GMT" time="0.015" errors="0">
  <testcase name="testCase2" time="0.002" classname="Selenium28.NewTest5"/>
  <testcase name="testCase1" time="0.011" classname="Selenium28.NewTest5"/>
  <testcase name="testCase3" time="0.002" classname="Selenium28.NewTest5"/>
</testsuite> <!-- Selenium28.NewTest5 -->
