<?xml version="1.0" encoding="UTF-8"?>
<!-- Generated by org.testng.reporters.JUnitReportReporter -->
<testsuite skipped="0" hostname="DESKTOP-Q7DGRQM" name="Selenium28.NewTest1" tests="3" failures="0" timestamp="27 七月 2017 03:00:04 GMT" time="0.011" errors="0">
  <testcase name="addVendor" time="0.007" classname="Selenium28.NewTest1"/>
  <testcase name="addProduct" time="0.002" classname="Selenium28.NewTest1"/>
  <testcase name="addCurrency" time="0.002" classname="Selenium28.NewTest1"/>
</testsuite> <!-- Selenium28.NewTest1 -->
