<?xml version="1.0" encoding="UTF-8"?>
<!-- Generated by org.testng.reporters.JUnitReportReporter -->
<testsuite skipped="0" hostname="DESKTOP-Q7DGRQM" name="Selenium27.testNG_Selenium2" tests="2" failures="0" timestamp="26 七月 2017 12:24:17 GMT" time="19.181" errors="0">
  <testcase name="verifyPageTitle1" time="6.091" classname="Selenium27.testNG_Selenium2"/>
  <testcase name="verifyPageTitle2" time="13.090" classname="Selenium27.testNG_Selenium2"/>
</testsuite> <!-- Selenium27.testNG_Selenium2 -->
